<?xml version="1.0" encoding="UTF-8"?>
<!-- Generated by org.testng.reporters.JUnitXMLReporter -->
<testsuite hostname="DESKTOP-5NIFL4P" ignored="0" name="Default test" tests="3" failures="0" timestamp="2020-04-02T16:17:22 IST" time="3.831" errors="0">
  <testcase name="addbook" time="3.237" classname="jsonobjectsandarrayswithinresponse.dataproviders"/>
  <testcase name="addbook" time="0.267" classname="jsonobjectsandarrayswithinresponse.dataproviders"/>
  <testcase name="addbook" time="0.238" classname="jsonobjectsandarrayswithinresponse.dataproviders"/>
</testsuite> <!-- Default test -->
